<?xml version="1.0" encoding="UTF-8"?>
<!-- Generated by org.testng.reporters.JUnitReportReporter -->
<testsuite hostname="DESKTOP-3BA5THE" failures="0" tests="1" name="Test_GET" time="5.595" errors="0" timestamp="2022-01-16T18:03:58 IST" skipped="0">
  <testcase classname="Test_GET" name="test_1" time="5.595"/>
  <system-out/>
</testsuite> <!-- Test_GET -->
