<?xml version="1.0" encoding="UTF-8"?>
<!-- Generated by org.testng.reporters.JUnitReportReporter -->
<testsuite hostname="DESKTOP-3BA5THE" failures="0" tests="2" name="TC01_GET" time="9.590" errors="0" timestamp="2022-01-24T14:16:11 IST" skipped="0">
  <testcase classname="TC01_GET" name="test_02" time="1.431"/>
  <system-out/>
  <testcase classname="TC01_GET" name="test_01" time="8.159"/>
  <system-out/>
</testsuite> <!-- TC01_GET -->
