<?xml version="1.0" encoding="UTF-8"?>
<!-- Generated by org.testng.reporters.JUnitReportReporter -->
<testsuite hostname="DESKTOP-3BA5THE" failures="0" tests="1" name="Test_POST" time="4.394" errors="0" timestamp="2022-01-16T19:13:09 IST" skipped="0">
  <testcase classname="Test_POST" name="test_04delete" time="4.394"/>
  <system-out/>
</testsuite> <!-- Test_POST -->
