<?xml version="1.0" encoding="UTF-8"?>
<!-- Generated by org.testng.reporters.JUnitReportReporter -->
<testsuite hostname="DESKTOP-3BA5THE" failures="0" tests="1" name="Examples" time="2.419" errors="0" timestamp="2022-01-19T16:35:04 IST" skipped="0">
  <testcase classname="Examples" name="testpost" time="2.419"/>
  <system-out/>
</testsuite> <!-- Examples -->
